TN:
SF:calc.js
FN:2,(anonymous_0)
FN:9,(anonymous_1)
FN:16,(anonymous_2)
FN:23,(anonymous_3)
FNF:4
FNH:4
FNDA:3,(anonymous_0)
FNDA:3,(anonymous_1)
FNDA:3,(anonymous_2)
FNDA:3,(anonymous_3)
DA:3,3
DA:4,2
DA:6,1
DA:10,3
DA:11,2
DA:13,1
DA:17,3
DA:18,2
DA:20,1
DA:24,3
DA:25,2
DA:27,1
DA:32,1
LF:13
LH:13
BRDA:3,0,0,2
BRDA:3,0,1,1
BRDA:3,1,0,3
BRDA:3,1,1,3
BRDA:10,2,0,2
BRDA:10,2,1,1
BRDA:10,3,0,3
BRDA:10,3,1,3
BRDA:17,4,0,2
BRDA:17,4,1,1
BRDA:17,5,0,3
BRDA:17,5,1,3
BRDA:24,6,0,2
BRDA:24,6,1,1
BRDA:24,7,0,3
BRDA:24,7,1,3
BRF:16
BRH:16
end_of_record
TN:
SF:fistCharCapital.js
FN:1,(anonymous_0)
FN:6,(anonymous_1)
FNF:2
FNH:2
FNDA:2,(anonymous_0)
FNDA:1,(anonymous_1)
DA:1,1
DA:2,2
DA:3,2
DA:4,1
DA:6,1
DA:7,1
DA:11,1
LF:7
LH:7
BRDA:3,0,0,1
BRDA:3,0,1,1
BRF:2
BRH:2
end_of_record
TN:
SF:reverseString.js
FN:1,(anonymous_0)
FNF:1
FNH:1
FNDA:1,(anonymous_0)
DA:1,1
DA:2,1
DA:3,1
DA:4,1
DA:5,1
DA:8,1
LF:6
LH:6
BRF:0
BRH:0
end_of_record
TN:
SF:stringLength.js
FN:1,(anonymous_0)
FNF:1
FNH:1
FNDA:2,(anonymous_0)
DA:1,1
DA:2,2
DA:3,1
DA:5,1
DA:9,1
LF:5
LH:5
BRDA:2,0,0,1
BRDA:2,0,1,1
BRDA:2,1,0,2
BRDA:2,1,1,1
BRF:4
BRH:4
end_of_record
